#
# A fatal error has been detected by the Java Runtime Environment:
#
#  Internal Error (javaClasses.cpp:127), pid=2832, tid=5680
#  fatal error: Invalid layout of preloaded class
#
# JRE version:  (8.0_45-b14) (build )
# Java VM: Java HotSpot(TM) Client VM (25.45-b02 mixed mode windows-x86 )
# Failed to write core dump. Minidumps are not enabled by default on client versions of Windows
#
# If you would like to submit a bug report, please visit:
#   http://bugreport.java.com/bugreport/crash.jsp
#

---------------  T H R E A D  ---------------

Current thread (0x01024800):  JavaThread "Unknown thread" [_thread_in_vm, id=5680, stack(0x00e40000,0x00e90000)]

Stack: [0x00e40000,0x00e90000],  sp=0x00e8f2c8,  free space=316k
Native frames: (J=compiled Java code, j=interpreted, Vv=VM code, C=native code)
V  [jvm.dll+0x1a4f8b]
V  [jvm.dll+0x19d846]
V  [jvm.dll+0x42269]
V  [jvm.dll+0x4241e]
V  [jvm.dll+0x5193e]
V  [jvm.dll+0xa86ae]
V  [jvm.dll+0xa8972]
V  [jvm.dll+0x154631]
V  [jvm.dll+0x17869b]
V  [jvm.dll+0xe51a1]
C  [javaw.exe+0x14d3]
C  [javaw.exe+0x2047]
C  [javaw.exe+0xadff]
C  [javaw.exe+0xae89]
C  [kernel32.dll+0x1338a]
C  [ntdll.dll+0x39f72]
C  [ntdll.dll+0x39f45]
C  0x00000000


---------------  P R O C E S S  ---------------

Java Threads: ( => current thread )

Other Threads:

=>0x01024800 (exited) JavaThread "Unknown thread" [_thread_in_vm, id=5680, stack(0x00e40000,0x00e90000)]

VM state:not at safepoint (not fully initialized)

VM Mutex/Monitor currently owned by a thread: None

GC Heap History (0 events):
No events

Deoptimization events (0 events):
No events

Internal exceptions (0 events):
No events

Events (10 events):
Event: 0.076 loading class java/lang/CharSequence done
Event: 0.076 loading class java/lang/String done
Event: 0.076 loading class java/lang/Class
Event: 0.076 loading class java/lang/reflect/AnnotatedElement
Event: 0.077 loading class java/lang/reflect/AnnotatedElement done
Event: 0.077 loading class java/lang/reflect/GenericDeclaration
Event: 0.077 loading class java/lang/reflect/GenericDeclaration done
Event: 0.077 loading class java/lang/reflect/Type
Event: 0.077 loading class java/lang/reflect/Type done
Event: 0.077 loading class java/lang/Class done


Dynamic libraries:
0x01190000 - 0x011c3000 	C:\Program Files (x86)\Java\jre1.8.0_45\bin\javaw.exe
0x778a0000 - 0x77a20000 	C:\Windows\SysWOW64\ntdll.dll
0x772e0000 - 0x773f0000 	C:\Windows\syswow64\kernel32.dll
0x764a0000 - 0x764e7000 	C:\Windows\syswow64\KERNELBASE.dll
0x76db0000 - 0x76e50000 	C:\Windows\syswow64\ADVAPI32.dll
0x773f0000 - 0x7749c000 	C:\Windows\syswow64\msvcrt.dll
0x76cb0000 - 0x76cc9000 	C:\Windows\SysWOW64\sechost.dll
0x764f0000 - 0x765e0000 	C:\Windows\syswow64\RPCRT4.dll
0x753c0000 - 0x75420000 	C:\Windows\syswow64\SspiCli.dll
0x753b0000 - 0x753bc000 	C:\Windows\syswow64\CRYPTBASE.dll
0x76680000 - 0x76780000 	C:\Windows\syswow64\USER32.dll
0x76cd0000 - 0x76d60000 	C:\Windows\syswow64\GDI32.dll
0x77050000 - 0x7705a000 	C:\Windows\syswow64\LPK.dll
0x765e0000 - 0x7667d000 	C:\Windows\syswow64\USP10.dll
0x71880000 - 0x71a1e000 	C:\Windows\WinSxS\x86_microsoft.windows.common-controls_6595b64144ccf1df_6.0.7601.17514_none_41e6975e2bd6f2b2\COMCTL32.dll
0x76780000 - 0x767d7000 	C:\Windows\syswow64\SHLWAPI.dll
0x77060000 - 0x770c0000 	C:\Windows\system32\IMM32.DLL
0x756e0000 - 0x757ac000 	C:\Windows\syswow64\MSCTF.dll
0x711a0000 - 0x71215000 	C:\Program Files\BLDBaseService\BLDBaseService.dll
0x757b0000 - 0x763fa000 	C:\Windows\syswow64\SHELL32.dll
0x767e0000 - 0x7693c000 	C:\Windows\syswow64\ole32.dll
0x76f00000 - 0x76f8f000 	C:\Windows\syswow64\OLEAUT32.dll
0x76eb0000 - 0x76ee5000 	C:\Windows\syswow64\WS2_32.dll
0x77870000 - 0x77876000 	C:\Windows\syswow64\NSI.dll
0x76940000 - 0x76a35000 	C:\Windows\syswow64\WININET.dll
0x770c0000 - 0x77200000 	C:\Windows\syswow64\urlmon.dll
0x76e80000 - 0x76eaf000 	C:\Windows\syswow64\XmlLite.dll
0x755c0000 - 0x756e0000 	C:\Windows\syswow64\CRYPT32.dll
0x76ef0000 - 0x76efc000 	C:\Windows\syswow64\MSASN1.dll
0x76a60000 - 0x76c61000 	C:\Windows\syswow64\iertutil.dll
0x715c0000 - 0x715dc000 	C:\Windows\system32\IPHLPAPI.DLL
0x715b0000 - 0x715b7000 	C:\Windows\system32\WINNSI.DLL
0x71430000 - 0x71441000 	C:\Windows\system32\NETAPI32.dll
0x71190000 - 0x71199000 	C:\Windows\system32\netutils.dll
0x71480000 - 0x71499000 	C:\Windows\system32\srvcli.dll
0x71180000 - 0x7118f000 	C:\Windows\system32\wkscli.dll
0x76ca0000 - 0x76ca5000 	C:\Windows\syswow64\PSAPI.DLL
0x50d00000 - 0x50dbf000 	C:\Program Files (x86)\Java\jre1.8.0_45\bin\msvcr100.dll
0x70cc0000 - 0x71080000 	C:\Program Files (x86)\Java\jre1.8.0_45\bin\client\jvm.dll
0x74d20000 - 0x74d27000 	C:\Windows\system32\WSOCK32.dll
0x6d320000 - 0x6d352000 	C:\Windows\system32\WINMM.dll
0x72840000 - 0x72849000 	C:\Windows\system32\VERSION.dll
0x74d10000 - 0x74d1c000 	C:\Program Files (x86)\Java\jre1.8.0_45\bin\verify.dll
0x74ce0000 - 0x74d01000 	C:\Program Files (x86)\Java\jre1.8.0_45\bin\java.dll
0x74cc0000 - 0x74cd3000 	C:\Program Files (x86)\Java\jre1.8.0_45\bin\zip.dll
0x71d90000 - 0x71e7b000 	C:\Windows\system32\dbghelp.dll

VM Arguments:
jvm_args: -Dfile.encoding=GBK -Xbootclasspath:D:\adt-bundle-windows-x86-20130917.467161976\adt-bundle-windows-x86-20130917\sdk\platforms\android-18\android.jar 
java_command: Test
java_class_path (initial): C:\Users\Administrator\Desktop\qufei\qufeiApp\qufeiApp\qufeiApp\libs\android-support-v4.jar;C:\Users\Administrator\Desktop\qufei\qufeiApp\qufeiApp\qufeiApp\libs\jpush-sdk-release1.7.5.jar;C:\Users\Administrator\Desktop\qufei\qufeiApp\qufeiApp\library_zhy_CircleMenu\bin\library_zhy_circlemenu.jar;C:\Users\Administrator\Desktop\qufei\qufeiApp\qufeiApp\ZBarLib\bin\classes;C:\Users\Administrator\Desktop\qufei\qufeiApp\qufeiApp\MPChartLib\bin\mpchartlib.jar;C:\Users\Administrator\Desktop\qufei\qufeiApp\qufeiApp\qufeiApp\bin\classes
Launcher Type: SUN_STANDARD

Environment Variables:
PATH=C:/Program Files (x86)/Java/jre1.8.0_45/bin/client;C:/Program Files (x86)/Java/jre1.8.0_45/bin;C:/Program Files (x86)/Java/jre1.8.0_45/lib/i386;C:\ProgramData\Oracle\Java\javapath;%SystemRoot%\system32;%SystemRoot%;%SystemRoot%\System32\Wbem;%SYSTEMROOT%\System32\WindowsPowerShell\v1.0\;C:\Program Files\Microsoft\Web Platform Installer\;C:\Program Files (x86)\Microsoft ASP.NET\ASP.NET Web Pages\v1.0\;C:\Program Files (x86)\Windows Kits\8.0\Windows Performance Toolkit\;C:\Program Files (x86)\Microsoft SQL Server\100\Tools\Binn\;C:\Program Files\Microsoft SQL Server\100\Tools\Binn\;C:\Program Files\Microsoft SQL Server\100\DTS\Binn\;C:\Program Files (x86)\Microsoft SQL Server\100\Tools\Binn\VSShell\Common7\IDE\;C:\Program Files (x86)\Microsoft SQL Server\100\DTS\Binn\;C:\Program Files (x86)\Microsoft Visual Studio 9.0\Common7\IDE\PrivateAssemblies\;;D:\adt-bundle-windows-x86-20130917.467161976\adt-bundle-windows-x86-20130917\eclipse;
USERNAME=Administrator
OS=Windows_NT
PROCESSOR_IDENTIFIER=Intel64 Family 6 Model 23 Stepping 10, GenuineIntel



---------------  S Y S T E M  ---------------

OS: Windows 7 , 64 bit Build 7601 (6.1.7601.18409)

CPU:total 1 (1 cores per cpu, 1 threads per core) family 6 model 23 stepping 10, cmov, cx8, fxsr, mmx, sse, sse2, sse3, ssse3, tsc

Memory: 4k page, physical 2060660k(308268k free), swap 4121320k(1187960k free)

vm_info: Java HotSpot(TM) Client VM (25.45-b02) for windows-x86 JRE (1.8.0_45-b14), built on Apr 10 2015 10:46:40 by "java_re" with MS VC++ 10.0 (VS2010)

time: Thu Jul 16 10:35:08 2015
elapsed time: 0 seconds (0d 0h 0m 0s)

